port 1313 already in use, attempting to use an available port
Watching for changes in /home/stas/www/itexperts.team/archetypes, /home/stas/www/itexperts.team/assets, /home/stas/www/itexperts.team/content/{contact,jokes,posts}, /home/stas/www/itexperts.team/data, /home/stas/www/itexperts.team/i18n, /home/stas/www/itexperts.team/layouts, /home/stas/www/itexperts.team/static/img, /home/stas/www/itexperts.team/themes/mainroad/archetypes, /home/stas/www/itexperts.team/themes/mainroad/assets/css, /home/stas/www/itexperts.team/themes/mainroad/i18n, ... and 3 more
Watching for config changes in /home/stas/www/itexperts.team/hugo.toml
Start building sites … 
hugo v0.155.3+extended linux/amd64 BuildDate=unknown


                  │ EN 
──────────────────┼────
 Pages            │ 48 
 Paginator pages  │  0 
 Non-page files   │  0 
 Static files     │ 22 
 Processed images │  0 
 Aliases          │ 18 
 Cleaned          │  0 

Built in 100 ms
Environment: "development"
Serving pages from disk
Web Server is available at http://10.1.1.206:46733/ (bind address 0.0.0.0) 
Press Ctrl+C to stop

Change detected, rebuilding site (#1).
2026-02-16 16:15:11.703 +0300
Source changed /jokes/j5.md
Web Server is available at http://10.1.1.206:46733/ (bind address 0.0.0.0)
Total in 32 ms

Change of Static files detected, rebuilding site (#2).
2026-02-16 17:11:37.704 +0300
Syncing /img/GPU_AI_2030.jpeg to /

Change detected, rebuilding site (#3).
2026-02-16 17:12:04.203 +0300
Source changed /posts/gpu_ai_infra_trends_2030.md
Web Server is available at http://10.1.1.206:46733/ (bind address 0.0.0.0)
Total in 92 ms

Change detected, rebuilding site (#4).
2026-02-16 17:16:47.203 +0300
Source changed /posts/gpu_ai_infra_trends_2030.md
Web Server is available at http://10.1.1.206:46733/ (bind address 0.0.0.0)
Total in 30 ms

Change detected, rebuilding site (#5).
2026-02-16 17:20:05.203 +0300
Source changed /posts/ta_
Web Server is available at http://10.1.1.206:46733/ (bind address 0.0.0.0)
Total in 88 ms

Change detected, rebuilding site (#6).
2026-02-16 17:20:31.703 +0300
Source changed /posts/ta_/_index.md
Source changed /posts/ta_oy_ai_comments
Web Server is available at http://10.1.1.206:46733/ (bind address 0.0.0.0)
Total in 98 ms

Change detected, rebuilding site (#7).
2026-02-16 17:24:50.203 +0300
Source changed /posts/ta_oy_ai_comments/_index.md
Source changed /posts/20260126_ta_oy_ai_comments.md
Web Server is available at http://10.1.1.206:46733/ (bind address 0.0.0.0)
Total in 109 ms

Change detected, rebuilding site (#8).
2026-02-16 17:26:17.703 +0300
Source changed /posts/20260126_ta_oy_ai_comments.md
Web Server is available at http://10.1.1.206:46733/ (bind address 0.0.0.0)
Total in 20 ms

Change detected, rebuilding site (#9).
2026-02-16 17:26:34.702 +0300
Source changed /posts/20260126_ta_oy_ai_comments.md
Web Server is available at http://10.1.1.206:46733/ (bind address 0.0.0.0)
Total in 29 ms

Change detected, rebuilding site (#10).
2026-02-16 17:29:52.702 +0300
Source changed /posts/20260126_ta_oy_ai_comments.md
Web Server is available at http://10.1.1.206:46733/ (bind address 0.0.0.0)
Total in 18 ms
Watching for changes in /home/stas/www/itexperts.team/archetypes, /home/stas/www/itexperts.team/assets, /home/stas/www/itexperts.team/content/{contact,jokes,posts}, /home/stas/www/itexperts.team/data, /home/stas/www/itexperts.team/i18n, /home/stas/www/itexperts.team/layouts, /home/stas/www/itexperts.team/static/img, /home/stas/www/itexperts.team/themes/mainroad/archetypes, /home/stas/www/itexperts.team/themes/mainroad/assets/css, /home/stas/www/itexperts.team/themes/mainroad/i18n, ... and 3 more
Watching for config changes in /home/stas/www/itexperts.team/hugo.toml
Start building sites … 
hugo v0.155.3+extended linux/amd64 BuildDate=unknown


                  │ EN 
──────────────────┼────
 Pages            │ 52 
 Paginator pages  │  0 
 Non-page files   │  0 
 Static files     │ 23 
 Processed images │  0 
 Aliases          │ 19 
 Cleaned          │  0 

Built in 109 ms
Environment: "development"
Serving pages from disk
Web Server is available at https://itexperts.team:1313/ (bind address 0.0.0.0) 
Press Ctrl+C to stop

Change of Static files detected, rebuilding site (#1).
2026-02-17 18:19:28.225 +0300

Change of Static files detected, rebuilding site (#2).
2026-02-17 18:22:27.225 +0300
Syncing /img/logo_team.png to /

Change of Static files detected, rebuilding site (#3).
2026-02-17 18:24:52.225 +0300
Syncing /img/logo_team_312_312.png to /

Change of config file detected, rebuilding site (#4).
2026-02-17 18:26:06.725 +0300
Web Server is available at https://itexperts.team:1313/ (bind address 0.0.0.0)
Rebuilt in 285 ms
